This is pdfTeXk, Version 3.141592-1.40.3 (Web2C 7.5.6) (format=pdflatex 2011.1.12)  8 JUL 2012 16:32
entering extended mode
 %&-line parsing enabled.
**Rahul_10111030_Thesis.tex
(./Rahul_10111030_Thesis.tex
LaTeX2e <2005/12/01>
Babel <v3.8h> and hyphenation patterns for english, usenglishmax, dumylang, noh
yphenation, arabic, basque, bulgarian, coptic, welsh, czech, slovak, german, ng
erman, danish, esperanto, spanish, catalan, galician, estonian, farsi, finnish,
 french, greek, monogreek, ancientgreek, croatian, hungarian, interlingua, ibyc
us, indonesian, icelandic, italian, latin, mongolian, dutch, norsk, polish, por
tuguese, pinyin, romanian, russian, slovenian, uppersorbian, serbian, swedish, 
turkish, ukenglish, ukrainian, loaded.
(/usr/share/texmf/tex/latex/base/report.cls
Document Class: report 2005/09/16 v1.4f Standard LaTeX document class
(/usr/share/texmf/tex/latex/base/size12.clo
File: size12.clo 2005/09/16 v1.4f Standard LaTeX file (size option)
)
\c@part=\count79
\c@chapter=\count80
\c@section=\count81
\c@subsection=\count82
\c@subsubsection=\count83
\c@paragraph=\count84
\c@subparagraph=\count85
\c@figure=\count86
\c@table=\count87
\abovecaptionskip=\skip41
\belowcaptionskip=\skip42
\bibindent=\dimen102
)
(/usr/share/texmf/tex/latex/graphics/graphicx.sty
Package: graphicx 1999/02/16 v1.0f Enhanced LaTeX Graphics (DPC,SPQR)

(/usr/share/texmf/tex/latex/graphics/keyval.sty
Package: keyval 1999/03/16 v1.13 key=value parser (DPC)
\KV@toks@=\toks14
)
(/usr/share/texmf/tex/latex/graphics/graphics.sty
Package: graphics 2006/02/20 v1.0o Standard LaTeX Graphics (DPC,SPQR)

(/usr/share/texmf/tex/latex/graphics/trig.sty
Package: trig 1999/03/16 v1.09 sin cos tan (DPC)
)
(/usr/share/texmf/tex/latex/config/graphics.cfg
File: graphics.cfg 2007/01/18 v1.5 graphics configuration of teTeX/TeXLive
)
Package graphics Info: Driver file: pdftex.def on input line 90.

(/usr/share/texmf/tex/latex/pdftex-def/pdftex.def
File: pdftex.def 2007/01/08 v0.04d Graphics/color for pdfTeX
\Gread@gobject=\count88
))
\Gin@req@height=\dimen103
\Gin@req@width=\dimen104
)
(/usr/share/texmf/tex/latex/algorithms/algorithm.sty
Package: algorithm 

Document Style `algorithm' - floating environment
(/usr/share/texmf/tex/latex/float/float.sty
Package: float 2001/11/08 v1.3d Float enhancements (AL)
\c@float@type=\count89
\float@exts=\toks15
\float@box=\box26
\@float@everytoks=\toks16
\@floatcapt=\box27
)
(/usr/share/texmf/tex/latex/base/ifthen.sty
Package: ifthen 2001/05/26 v1.1c Standard LaTeX ifthen package (DPC)
)
\@float@every@algorithm=\toks17
\c@algorithm=\count90
)
(/usr/share/texmf/tex/latex/algorithms/algorithmic.sty
Package: algorithmic 2006/06/02

Document Style `algorithmic' - environment
(/usr/share/texmf/tex/latex/tools/calc.sty
Package: calc 2005/08/06 v4.2 Infix arithmetic (KKT,FJ)
\calc@Acount=\count91
\calc@Bcount=\count92
\calc@Adimen=\dimen105
\calc@Bdimen=\dimen106
\calc@Askip=\skip43
\calc@Bskip=\skip44
LaTeX Info: Redefining \setlength on input line 75.
LaTeX Info: Redefining \addtolength on input line 76.
\calc@Ccount=\count93
\calc@Cskip=\skip45
)
\c@ALC@line=\count94
\c@ALC@rem=\count95
\c@ALC@depth=\count96
\ALC@tlm=\skip46
\algorithmicindent=\skip47
)
(/usr/share/texmf/tex/latex/fancyhdr/fancyhdr.sty
\fancy@headwidth=\skip48
\f@ncyO@elh=\skip49
\f@ncyO@erh=\skip50
\f@ncyO@olh=\skip51
\f@ncyO@orh=\skip52
\f@ncyO@elf=\skip53
\f@ncyO@erf=\skip54
\f@ncyO@olf=\skip55
\f@ncyO@orf=\skip56
)
(/usr/share/texmf/tex/latex/cite/cite.sty
LaTeX Info: Redefining \cite on input line 149.
LaTeX Info: Redefining \nocite on input line 214.
Package: cite 2003/11/04  v 4.01
)
(/usr/share/texmf/tex/latex/ltxmisc/url.sty
\Urlmuskip=\muskip10
Package: url 2005/06/27  ver 3.2  Verb mode for urls, etc.
)
(/usr/share/texmf/tex/latex/graphics/epsfig.sty
Package: epsfig 1999/02/16 v1.7a (e)psfig emulation (SPQR)
\epsfxsize=\dimen107
\epsfysize=\dimen108
)
(/usr/share/texmf/tex/latex/amscls/amsthm.sty
Package: amsthm 2004/08/06 v2.20
\thm@style=\toks18
\thm@bodyfont=\toks19
\thm@headfont=\toks20
\thm@notefont=\toks21
\thm@headpunct=\toks22
\thm@preskip=\skip57
\thm@postskip=\skip58
\thm@headsep=\skip59
\dth@everypar=\toks23
)
(/usr/share/texmf/tex/latex/amsmath/amsmath.sty
Package: amsmath 2000/07/18 v2.13 AMS math features
\@mathmargin=\skip60

For additional information on amsmath, use the `?' option.
(/usr/share/texmf/tex/latex/amsmath/amstext.sty
Package: amstext 2000/06/29 v2.01

(/usr/share/texmf/tex/latex/amsmath/amsgen.sty
File: amsgen.sty 1999/11/30 v2.0
\@emptytoks=\toks24
\ex@=\dimen109
))
(/usr/share/texmf/tex/latex/amsmath/amsbsy.sty
Package: amsbsy 1999/11/29 v1.2d
\pmbraise@=\dimen110
)
(/usr/share/texmf/tex/latex/amsmath/amsopn.sty
Package: amsopn 1999/12/14 v2.01 operator names
)
\inf@bad=\count97
LaTeX Info: Redefining \frac on input line 211.
\uproot@=\count98
\leftroot@=\count99
LaTeX Info: Redefining \overline on input line 307.
\classnum@=\count100
\DOTSCASE@=\count101
LaTeX Info: Redefining \ldots on input line 379.
LaTeX Info: Redefining \dots on input line 382.
LaTeX Info: Redefining \cdots on input line 467.
\Mathstrutbox@=\box28
\strutbox@=\box29
\big@size=\dimen111
LaTeX Font Info:    Redeclaring font encoding OML on input line 567.
LaTeX Font Info:    Redeclaring font encoding OMS on input line 568.
\macc@depth=\count102
\c@MaxMatrixCols=\count103
\dotsspace@=\muskip11
\c@parentequation=\count104
\dspbrk@lvl=\count105
\tag@help=\toks25
\row@=\count106
\column@=\count107
\maxfields@=\count108
\andhelp@=\toks26
\eqnshift@=\dimen112
\alignsep@=\dimen113
\tagshift@=\dimen114
\tagwidth@=\dimen115
\totwidth@=\dimen116
\lineht@=\dimen117
\@envbody=\toks27
\multlinegap=\skip61
\multlinetaggap=\skip62
\mathdisplay@stack=\toks28
LaTeX Info: Redefining \[ on input line 2666.
LaTeX Info: Redefining \] on input line 2667.
)
(/usr/share/texmf/tex/latex/amsfonts/amsfonts.sty
Package: amsfonts 2001/10/25 v2.2f
\symAMSa=\mathgroup4
\symAMSb=\mathgroup5
LaTeX Font Info:    Overwriting math alphabet `\mathfrak' in version `bold'
(Font)                  U/euf/m/n --> U/euf/b/n on input line 132.
)
(/usr/share/texmf/tex/latex/tools/verbatim.sty
Package: verbatim 2003/08/22 v1.5q LaTeX2e package for verbatim enhancements
\every@verbatim=\toks29
\verbatim@line=\toks30
\verbatim@in@stream=\read1
)
(/usr/share/texmf/tex/latex/setspace/setspace.sty
Package: setspace 2000/12/01 6.7 Contributed and Supported LaTeX2e package

Package: `setspace' 6.7 <2000/12/01>
) (/usr/share/texmf/tex/latex/listings/listings.sty
\lst@mode=\count109
\lst@gtempboxa=\box30
\lst@token=\toks31
\lst@length=\count110
\lst@currlwidth=\dimen118
\lst@column=\count111
\lst@pos=\count112
\lst@lostspace=\dimen119
\lst@width=\dimen120
\lst@newlines=\count113
\lst@lineno=\count114
\c@lstlisting=\count115
\lst@maxwidth=\dimen121

(/usr/share/texmf/tex/latex/listings/lstpatch.sty
File: lstpatch.sty 2004/10/17 1.3b (Carsten Heinz)
)
(/usr/share/texmf/tex/latex/listings/lstmisc.sty
File: lstmisc.sty 2004/09/07 1.3 (Carsten Heinz)
\c@lstnumber=\count116
\lst@skipnumbers=\count117
\lst@framebox=\box31
)
(/usr/share/texmf/tex/latex/listings/listings.cfg
File: listings.cfg 2004/09/05 1.3 listings configuration
))
Package: listings 2004/10/17 1.3b (Carsten Heinz)

(/usr/share/texmf/tex/latex/subfigure/subfigure.sty
Package: subfigure 2002/03/15 v2.1.5 subfigure package
\subfigtopskip=\skip63
\subfigcapskip=\skip64
\subfigcaptopadj=\dimen122
\subfigbottomskip=\skip65
\subfigcapmargin=\dimen123
\subfiglabelskip=\skip66
\c@subfigure=\count118
\c@lofdepth=\count119
\c@subtable=\count120
\c@lotdepth=\count121

****************************************
* Local config file subfigure.cfg used *
****************************************
(/usr/share/texmf/tex/latex/subfigure/subfigure.cfg)
\subfig@top=\skip67
\subfig@bottom=\skip68
)
(/usr/share/texmf/tex/latex/tools/multicol.sty
Package: multicol 2006/05/18 v1.6g multicolumn formatting (FMi)
\c@tracingmulticols=\count122
\mult@box=\box32
\multicol@leftmargin=\dimen124
\c@unbalance=\count123
\c@collectmore=\count124
\doublecol@number=\count125
\multicoltolerance=\count126
\multicolpretolerance=\count127
\full@width=\dimen125
\page@free=\dimen126
\premulticols=\dimen127
\postmulticols=\dimen128
\multicolsep=\skip69
\multicolbaselineskip=\skip70
\partial@page=\box33
\last@line=\box34
\mult@rightbox=\box35
\mult@grightbox=\box36
\mult@gfirstbox=\box37
\mult@firstbox=\box38
\@tempa=\box39
\@tempa=\box40
\@tempa=\box41
\@tempa=\box42
\@tempa=\box43
\@tempa=\box44
\@tempa=\box45
\@tempa=\box46
\@tempa=\box47
\@tempa=\box48
\@tempa=\box49
\@tempa=\box50
\@tempa=\box51
\@tempa=\box52
\@tempa=\box53
\@tempa=\box54
\@tempa=\box55
\c@columnbadness=\count128
\c@finalcolumnbadness=\count129
\last@try=\dimen129
\multicolovershoot=\dimen130
\multicolundershoot=\dimen131
\mult@nat@firstbox=\box56
\colbreak@box=\box57
)
(/usr/share/texmf/tex/latex/ltxmisc/framed.sty
Package: framed 2003/07/21 v 0.8a: framed or shaded text with page breaks
\FrameRule=\dimen132
\FrameSep=\dimen133
)
(/usr/share/texmf/tex/latex/hyperref/hyperref.sty
Package: hyperref 2007/02/07 v6.75r Hypertext links for LaTeX
\@linkdim=\dimen134
\Hy@linkcounter=\count130
\Hy@pagecounter=\count131

(/usr/share/texmf/tex/latex/hyperref/pd1enc.def
File: pd1enc.def 2007/02/07 v6.75r Hyperref: PDFDocEncoding definition (HO)
)
(/usr/share/texmf/tex/latex/config/hyperref.cfg
File: hyperref.cfg 2002/06/06 v1.2 hyperref configuration of TeXLive
)
(/usr/share/texmf/tex/latex/oberdiek/kvoptions.sty
Package: kvoptions 2006/08/22 v2.4 Connects package keyval with LaTeX options (
HO)
)
Package hyperref Info: Option `colorlinks' set `true' on input line 2238.
Package hyperref Info: Option `breaklinks' set `true' on input line 2238.
Package hyperref Info: Hyper figures OFF on input line 2288.
Package hyperref Info: Link nesting OFF on input line 2293.
Package hyperref Info: Hyper index ON on input line 2296.
Package hyperref Info: Plain pages OFF on input line 2303.
Package hyperref Info: Backreferencing OFF on input line 2308.

Implicit mode ON; LaTeX internals redefined
Package hyperref Info: Bookmarks ON on input line 2444.
LaTeX Info: Redefining \url on input line 2599.
\Fld@menulength=\count132
\Field@Width=\dimen135
\Fld@charsize=\dimen136
\Choice@toks=\toks32
\Field@toks=\toks33
Package hyperref Info: Hyper figures OFF on input line 3102.
Package hyperref Info: Link nesting OFF on input line 3107.
Package hyperref Info: Hyper index ON on input line 3110.
Package hyperref Info: backreferencing OFF on input line 3117.
Package hyperref Info: Link coloring ON on input line 3120.
\Hy@abspage=\count133
\c@Item=\count134
\c@Hfootnote=\count135
)
*hyperref using default driver hpdftex*
(/usr/share/texmf/tex/latex/hyperref/hpdftex.def
File: hpdftex.def 2007/02/07 v6.75r Hyperref driver for pdfTeX
\Fld@listcount=\count136
)
Package hyperref Info: Option `hypertexnames' set `false' on input line 39.
Package hyperref Info: Option `colorlinks' set `true' on input line 39.

(/usr/share/texmf/tex/latex/oberdiek/hypcap.sty
Package: hypcap 2006/02/20 v1.5 Adjusting anchors of captions (HO)
)
(/usr/share/texmf/tex/latex/fancyvrb/fancyvrb.sty
Package: fancyvrb 1998/07/17

Style option: `fancyvrb' v2.6, with DG/SPQR fixes <1998/07/17> (tvz)
\FV@CodeLineNo=\count137
\FV@InFile=\read2
\FV@TabBox=\box58
\c@FancyVerbLine=\count138
\FV@StepNumber=\count139
\FV@OutFile=\write3

No file fancyvrb.cfg.
) (/usr/share/texmf/tex/latex/geometry/geometry.sty
Package: geometry 2002/07/08 v3.2 Page Geometry
\Gm@cnth=\count140
\Gm@cntv=\count141
\c@Gm@tempcnt=\count142
\Gm@bindingoffset=\dimen137
\Gm@wd@mp=\dimen138
\Gm@odd@mp=\dimen139
\Gm@even@mp=\dimen140
\Gm@dimlist=\toks34

(/usr/share/texmf/tex/xelatex/xetexconfig/geometry.cfg))
\c@mydef=\count143

(./Rahul_10111030_Thesis.aux

LaTeX Warning: Label `intro' multiply defined.


LaTeX Warning: Label `intro' multiply defined.


LaTeX Warning: Label `intro' multiply defined.


LaTeX Warning: Label `intro' multiply defined.


LaTeX Warning: Label `intro' multiply defined.


LaTeX Warning: Label `intro' multiply defined.

)
\openout1 = `Rahul_10111030_Thesis.aux'.

LaTeX Font Info:    Checking defaults for OML/cmm/m/it on input line 72.
LaTeX Font Info:    ... okay on input line 72.
LaTeX Font Info:    Checking defaults for T1/cmr/m/n on input line 72.
LaTeX Font Info:    ... okay on input line 72.
LaTeX Font Info:    Checking defaults for OT1/cmr/m/n on input line 72.
LaTeX Font Info:    ... okay on input line 72.
LaTeX Font Info:    Checking defaults for OMS/cmsy/m/n on input line 72.
LaTeX Font Info:    ... okay on input line 72.
LaTeX Font Info:    Checking defaults for OMX/cmex/m/n on input line 72.
LaTeX Font Info:    ... okay on input line 72.
LaTeX Font Info:    Checking defaults for U/cmr/m/n on input line 72.
LaTeX Font Info:    ... okay on input line 72.
LaTeX Font Info:    Checking defaults for PD1/pdf/m/n on input line 72.
LaTeX Font Info:    ... okay on input line 72.
 (/usr/share/texmf/tex/context/base/supp-pdf.tex
[Loading MPS to PDF converter (version 2006.09.02).]
\scratchcounter=\count144
\scratchdimen=\dimen141
\scratchbox=\box59
\nofMPsegments=\count145
\nofMParguments=\count146
\MPscratchCnt=\count147
\MPscratchDim=\dimen142
\MPnumerator=\count148
\everyMPtoPDFconversion=\toks35
) (/usr/share/texmf/tex/latex/graphics/color.sty
Package: color 2005/11/14 v1.0j Standard LaTeX Color (DPC)

(/usr/share/texmf/tex/latex/config/color.cfg
File: color.cfg 2007/01/18 v1.5 color configuration of teTeX/TeXLive
)
Package color Info: Driver file: pdftex.def on input line 130.
)
Package hyperref Info: Link coloring ON on input line 72.

(/usr/share/texmf/tex/latex/hyperref/nameref.sty
Package: nameref 2006/12/27 v2.28 Cross-referencing by name of section

(/usr/share/texmf/tex/latex/oberdiek/refcount.sty
Package: refcount 2006/02/20 v3.0 Data extraction from references (HO)
)
\c@section@level=\count149
)
LaTeX Info: Redefining \ref on input line 72.
LaTeX Info: Redefining \pageref on input line 72.

(./Rahul_10111030_Thesis.out) (./Rahul_10111030_Thesis.out)
\@outlinefile=\write4
\openout4 = `Rahul_10111030_Thesis.out'.

-------------------- Geometry parameters
paper: a4paper
landscape: --
twocolumn: --
twoside: --
asymmetric: --
h-parts: 89.62709pt, 0.7\paperwidth , 89.6271pt (default)
v-parts: 101.40665pt, 0.7\paperheight , 152.11pt (default)
hmarginratio: 1:1
vmarginratio: 2:3
lines: --
heightrounded: --
bindingoffset: 0.0pt
truedimen: --
includehead: --
includefoot: --
includemp: --
driver: pdftex
-------------------- Page layout dimensions and switches
\paperwidth  597.50787pt
\paperheight 845.04684pt
\textwidth  426.79134pt
\textheight 697.09251pt
\oddsidemargin  17.3571pt
\evensidemargin -45.87914pt
\topmargin  -36.98857pt
\headheight 17.07164pt
\headsep    19.91692pt
\footskip   30.0pt
\marginparwidth 36.135pt
\marginparsep   10.0pt
\columnsep  10.0pt
\skip\footins  10.8pt plus 4.0pt minus 2.0pt
\hoffset 0.0pt
\voffset 0.0pt
\mag 1000

(1in=72.27pt, 1cm=28.45pt)
-----------------------

(./FirstFewPages/MyCover.tex
<diagrams/iitklogo.png, id=47, 204.765pt x 194.7275pt>
File: diagrams/iitklogo.png Graphic file (type png)

<use diagrams/iitklogo.png>) [1


{/usr/share/texmf/fonts/map/pdftex/updmap/pdftex.map} <./diagrams/iitklogo.png 
(PNG copy)>]
(/usr/share/texmf/tex/latex/listings/lstlang1.sty
File: lstlang1.sty 2004/09/05 1.3 listings language file
)
(/usr/share/texmf/tex/latex/listings/lstmisc.sty
File: lstmisc.sty 2004/09/07 1.3 (Carsten Heinz)
) (./FirstFewPages/MyTitle.tex
File: diagrams/iitklogo.png Graphic file (type png)

<use diagrams/iitklogo.png>) [1] (./FirstFewPages/MyCertificate.tex) [2]
(./FirstFewPages/MyAcknowledgement.tex) [3] (./FirstFewPages/MyDedication.tex)
[4] (./Rahul_10111030_Thesis.toc
LaTeX Font Info:    Try loading font information for U+msa on input line 4.
 (/usr/share/texmf/tex/latex/amsfonts/umsa.fd
File: umsa.fd 2002/01/19 v2.2g AMS font definitions
)
LaTeX Font Info:    Try loading font information for U+msb on input line 4.

(/usr/share/texmf/tex/latex/amsfonts/umsb.fd
File: umsb.fd 2002/01/19 v2.2g AMS font definitions
))
\tf@toc=\write5
\openout5 = `Rahul_10111030_Thesis.toc'.

 [5

] (./Rahul_10111030_Thesis.lof)
\tf@lof=\write6
\openout6 = `Rahul_10111030_Thesis.lof'.

 [6

] (./Rahul_10111030_Thesis.lot)
\tf@lot=\write7
\openout7 = `Rahul_10111030_Thesis.lot'.

 [7

]
Chapter 1.
[1

]
Chapter 2.
(./Chapters/Background.tex
Underfull \hbox (badness 10000) in paragraph at lines 1--5

 []


Underfull \hbox (badness 10000) in paragraph at lines 24--40

 []


Underfull \hbox (badness 10000) in paragraph at lines 24--40

 []

[2

]
Missing character: There is no ‚ in font cmtt10!
Missing character: There is no Ä in font cmtt10!
Missing character: There is no ú in font cmtt10!
Missing character: There is no ‚ in font cmtt10!
Missing character: There is no Ä in font cmtt10!
Missing character: There is no ú in font cmtt10!
 [3]
Underfull \hbox (badness 10000) in paragraph at lines 74--83

 []


Underfull \hbox (badness 10000) in paragraph at lines 74--83

 []


Underfull \hbox (badness 10000) in paragraph at lines 74--83

 []


Underfull \hbox (badness 10000) in paragraph at lines 74--83

 []

[4]
Underfull \hbox (badness 10000) in paragraph at lines 84--90

 []

Missing character: There is no ‚ in font cmr12!
Missing character: There is no Ä in font cmr12!
Missing character: There is no ú in font cmr12!
Missing character: There is no ‚ in font cmr12!
Missing character: There is no Ä in font cmr12!
Missing character: There is no ù in font cmr12!

Overfull \hbox (17.77606pt too wide) in paragraph at lines 109--120
\OT1/cmr/m/n/12 This is fol-lowed by ba-sic ini-tial-iza-tion is done and then 
\OT1/cmr/m/it/12 Python/python-run.c:Py[]Initialize
 []

[5] [6]) [7]
Chapter 3.
(./Chapters/Problem.tex

Package hyperref Warning: Difference (2) between bookmark levels is greater 
(hyperref)                than one, level fixed on input line 1.

LaTeX Font Info:    Try loading font information for OMS+cmr on input line 11.
(/usr/share/texmf/tex/latex/base/omscmr.fd
File: omscmr.fd 1999/05/25 v2.5h Standard LaTeX font definitions
)
LaTeX Font Info:    Font shape `OMS/cmr/m/n' in size <12> not available
(Font)              Font shape `OMS/cmsy/m/n' tried instead on input line 11.
) [8

]
Chapter 4.
(./Chapters/Approach.tex) [9

]
Chapter 5.
(./Chapters/details.tex) [10

]
Chapter 6.
(./Chapters/results.tex)
Overfull \hbox (36.84453pt too wide) in paragraph at lines 1--147
[] 
 []


Underfull \hbox (badness 10000) in paragraph at lines 1--147

 []


Underfull \hbox (badness 10000) in paragraph at lines 1--147

 []


Overfull \hbox (37.51674pt too wide) in paragraph at lines 1--147
[] 
 []


Underfull \hbox (badness 10000) in paragraph at lines 1--147

 []


Underfull \hbox (badness 10000) in paragraph at lines 1--147

 []


Overfull \hbox (13.503pt too wide) in paragraph at lines 1--147
[] 
 []


Underfull \hbox (badness 10000) in paragraph at lines 1--147

 []


Underfull \hbox (badness 10000) in paragraph at lines 1--147

 []


Overfull \hbox (20.50313pt too wide) in paragraph at lines 1--147
[] 
 []


Underfull \hbox (badness 10000) in paragraph at lines 1--147

 []

[11

]
Chapter 7.
(./Chapters/Conclusion.tex) [12

] (./Rahul_10111030_Thesis.bbl)
(./Rahul_10111030_Thesis.aux)

LaTeX Warning: There were multiply-defined labels.

 ) 
Here is how much of TeX's memory you used:
 6446 strings out of 256216
 88775 string characters out of 1917072
 159254 words of memory out of 1500000
 9533 multiletter control sequences out of 10000+200000
 13062 words of font info for 48 fonts, out of 1200000 for 2000
 645 hyphenation exceptions out of 8191
 28i,12n,49p,1040b,351s stack positions out of 5000i,500n,6000p,200000b,15000s
</usr/share/texmf/fonts/type1/bluesky/cm/cmbx12.pfb></usr/share/texmf/fonts/t
ype1/bluesky/cm/cmbxti10.pfb></usr/share/texmf/fonts/type1/bluesky/cm/cmcsc10.p
fb></usr/share/texmf/fonts/type1/bluesky/cm/cmr12.pfb></usr/share/texmf/fonts/t
ype1/bluesky/cm/cmsl12.pfb></usr/share/texmf/fonts/type1/bluesky/cm/cmsy10.pfb>
</usr/share/texmf/fonts/type1/bluesky/cm/cmti12.pfb></usr/share/texmf/fonts/typ
e1/bluesky/cm/cmtt10.pfb></usr/share/texmf/fonts/type1/bluesky/cm/cmtt12.pfb>
Output written on Rahul_10111030_Thesis.pdf (20 pages, 151250 bytes).
PDF statistics:
 198 PDF objects out of 1000 (max. 8388607)
 37 named destinations out of 1000 (max. 131072)
 102 words of extra memory for PDF output out of 10000 (max. 10000000)

